2023-08-05T08:35:35.974+09:00  INFO 13233 --- [Test worker] s.w.w.netty.NettyApplicationTests        : Starting NettyApplicationTests using Java 17.0.7 with PID 13233 (started by lostist in /Users/lostist/workspace/netty)
2023-08-05T08:35:35.976+09:00  INFO 13233 --- [Test worker] s.w.w.netty.NettyApplicationTests        : No active profile set, falling back to 1 default profile: "default"
2023-08-05T08:35:36.904+09:00  INFO 13233 --- [Test worker] s.w.w.netty.NettyApplicationTests        : Started NettyApplicationTests in 1.221 seconds (process running for 2.183)
2023-08-05T09:01:37.703+09:00  INFO 13992 --- [Test worker] s.w.w.netty.NettyApplicationTests        : Starting NettyApplicationTests using Java 17.0.7 with PID 13992 (started by lostist in /Users/lostist/workspace/netty)
2023-08-05T09:01:37.705+09:00  INFO 13992 --- [Test worker] s.w.w.netty.NettyApplicationTests        : No active profile set, falling back to 1 default profile: "default"
2023-08-05T09:01:38.629+09:00  INFO 13992 --- [Test worker] s.w.w.netty.NettyApplicationTests        : Started NettyApplicationTests in 1.244 seconds (process running for 2.247)
2023-08-05T09:01:39.219+09:00  INFO 13992 --- [Test worker] s.webflux.websocket.netty.client.Client  : Client connected.
2023-08-05T09:01:39.220+09:00  INFO 13992 --- [Test worker] s.webflux.websocket.netty.client.Client  : Client connected.
2023-08-05T09:01:39.281+09:00 ERROR 13992 --- [reactor-http-nio-2] reactor.core.publisher.Operators         : Operator called default onErrorDropped

reactor.core.Exceptions$ErrorCallbackNotImplemented: io.netty.channel.AbstractChannel$AnnotatedConnectException: Connection refused: localhost/127.0.0.1:8001
Caused by: io.netty.channel.AbstractChannel$AnnotatedConnectException: Connection refused: localhost/127.0.0.1:8001
Caused by: java.net.ConnectException: Connection refused
	at java.base/sun.nio.ch.Net.pollConnect(Native Method) ~[na:na]
	at java.base/sun.nio.ch.Net.pollConnectNow(Net.java:672) ~[na:na]
	at java.base/sun.nio.ch.SocketChannelImpl.finishConnect(SocketChannelImpl.java:946) ~[na:na]
	at io.netty.channel.socket.nio.NioSocketChannel.doFinishConnect(NioSocketChannel.java:337) ~[netty-transport-4.1.94.Final.jar:4.1.94.Final]
	at io.netty.channel.nio.AbstractNioChannel$AbstractNioUnsafe.finishConnect(AbstractNioChannel.java:334) ~[netty-transport-4.1.94.Final.jar:4.1.94.Final]
	at io.netty.channel.nio.NioEventLoop.processSelectedKey(NioEventLoop.java:776) ~[netty-transport-4.1.94.Final.jar:4.1.94.Final]
	at io.netty.channel.nio.NioEventLoop.processSelectedKeysOptimized(NioEventLoop.java:724) ~[netty-transport-4.1.94.Final.jar:4.1.94.Final]
	at io.netty.channel.nio.NioEventLoop.processSelectedKeys(NioEventLoop.java:650) ~[netty-transport-4.1.94.Final.jar:4.1.94.Final]
	at io.netty.channel.nio.NioEventLoop.run(NioEventLoop.java:562) ~[netty-transport-4.1.94.Final.jar:4.1.94.Final]
	at io.netty.util.concurrent.SingleThreadEventExecutor$4.run(SingleThreadEventExecutor.java:997) ~[netty-common-4.1.94.Final.jar:4.1.94.Final]
	at io.netty.util.internal.ThreadExecutorMap$2.run(ThreadExecutorMap.java:74) ~[netty-common-4.1.94.Final.jar:4.1.94.Final]
	at io.netty.util.concurrent.FastThreadLocalRunnable.run(FastThreadLocalRunnable.java:30) ~[netty-common-4.1.94.Final.jar:4.1.94.Final]
	at java.base/java.lang.Thread.run(Thread.java:833) ~[na:na]

2023-08-05T09:01:39.281+09:00 ERROR 13992 --- [reactor-http-nio-3] reactor.core.publisher.Operators         : Operator called default onErrorDropped

reactor.core.Exceptions$ErrorCallbackNotImplemented: io.netty.channel.AbstractChannel$AnnotatedConnectException: Connection refused: localhost/127.0.0.1:8001
Caused by: io.netty.channel.AbstractChannel$AnnotatedConnectException: Connection refused: localhost/127.0.0.1:8001
Caused by: java.net.ConnectException: Connection refused
	at java.base/sun.nio.ch.Net.pollConnect(Native Method) ~[na:na]
	at java.base/sun.nio.ch.Net.pollConnectNow(Net.java:672) ~[na:na]
	at java.base/sun.nio.ch.SocketChannelImpl.finishConnect(SocketChannelImpl.java:946) ~[na:na]
	at io.netty.channel.socket.nio.NioSocketChannel.doFinishConnect(NioSocketChannel.java:337) ~[netty-transport-4.1.94.Final.jar:4.1.94.Final]
	at io.netty.channel.nio.AbstractNioChannel$AbstractNioUnsafe.finishConnect(AbstractNioChannel.java:334) ~[netty-transport-4.1.94.Final.jar:4.1.94.Final]
	at io.netty.channel.nio.NioEventLoop.processSelectedKey(NioEventLoop.java:776) ~[netty-transport-4.1.94.Final.jar:4.1.94.Final]
	at io.netty.channel.nio.NioEventLoop.processSelectedKeysOptimized(NioEventLoop.java:724) ~[netty-transport-4.1.94.Final.jar:4.1.94.Final]
	at io.netty.channel.nio.NioEventLoop.processSelectedKeys(NioEventLoop.java:650) ~[netty-transport-4.1.94.Final.jar:4.1.94.Final]
	at io.netty.channel.nio.NioEventLoop.run(NioEventLoop.java:562) ~[netty-transport-4.1.94.Final.jar:4.1.94.Final]
	at io.netty.util.concurrent.SingleThreadEventExecutor$4.run(SingleThreadEventExecutor.java:997) ~[netty-common-4.1.94.Final.jar:4.1.94.Final]
	at io.netty.util.internal.ThreadExecutorMap$2.run(ThreadExecutorMap.java:74) ~[netty-common-4.1.94.Final.jar:4.1.94.Final]
	at io.netty.util.concurrent.FastThreadLocalRunnable.run(FastThreadLocalRunnable.java:30) ~[netty-common-4.1.94.Final.jar:4.1.94.Final]
	at java.base/java.lang.Thread.run(Thread.java:833) ~[na:na]

2023-08-05T09:01:58.743+09:00  INFO 14010 --- [main] s.w.websocket.netty.NettyApplication     : Starting NettyApplication using Java 17.0.7 with PID 14010 (/Users/lostist/workspace/netty/out/production/classes started by lostist in /Users/lostist/workspace/netty)
2023-08-05T09:01:58.746+09:00  INFO 14010 --- [main] s.w.websocket.netty.NettyApplication     : No active profile set, falling back to 1 default profile: "default"
2023-08-05T09:01:59.714+09:00  INFO 14010 --- [main] o.s.b.web.embedded.netty.NettyWebServer  : Netty started on port 8001
2023-08-05T09:01:59.722+09:00  INFO 14010 --- [main] s.w.websocket.netty.NettyApplication     : Started NettyApplication in 1.511 seconds (process running for 2.084)
2023-08-05T09:01:59.897+09:00  INFO 14010 --- [main] s.webflux.websocket.netty.client.Client  : Client connected.
2023-08-05T09:01:59.898+09:00  INFO 14010 --- [main] s.webflux.websocket.netty.client.Client  : Client connected.
2023-08-05T09:02:00.036+09:00  INFO 14010 --- [reactor-http-nio-3] s.webflux.websocket.netty.client.Client  : Session opened
2023-08-05T09:02:00.036+09:00  INFO 14010 --- [reactor-http-nio-4] s.webflux.websocket.netty.client.Client  : Session opened
2023-08-05T09:02:00.050+09:00  INFO 14010 --- [reactor-http-nio-6] s.w.websocket.netty.server.ServerLogic   : Server -> client connected id[49d113c5]
2023-08-05T09:02:00.050+09:00  INFO 14010 --- [reactor-http-nio-5] s.w.websocket.netty.server.ServerLogic   : Server -> client connected id[4fc6d965]
2023-08-05T09:02:00.051+09:00  INFO 14010 --- [reactor-http-nio-5] s.w.websocket.netty.server.ServerLogic   : Server -> received from client id=[4fc6d965]: [Test message 0]
2023-08-05T09:02:00.051+09:00  INFO 14010 --- [reactor-http-nio-6] s.w.websocket.netty.server.ServerLogic   : Server -> received from client id=[49d113c5]: [Test message 1]
2023-08-05T09:02:00.556+09:00  INFO 14010 --- [reactor-http-nio-6] s.w.websocket.netty.server.ServerLogic   : Server -> sent: [0] to client id=[49d113c5]
2023-08-05T09:02:00.557+09:00  INFO 14010 --- [reactor-http-nio-4] s.w.websocket.netty.client.ClientLogic   : Client id=[3fc8b489] -> received: [0]
2023-08-05T09:02:00.565+09:00  INFO 14010 --- [reactor-http-nio-5] s.w.websocket.netty.server.ServerLogic   : Server -> sent: [0] to client id=[4fc6d965]
2023-08-05T09:02:00.566+09:00  INFO 14010 --- [reactor-http-nio-3] s.w.websocket.netty.client.ClientLogic   : Client id=[cd72c58] -> received: [0]
2023-08-05T09:02:01.059+09:00  INFO 14010 --- [reactor-http-nio-5] s.w.websocket.netty.server.ServerLogic   : Server -> sent: [1] to client id=[4fc6d965]
2023-08-05T09:02:01.059+09:00  INFO 14010 --- [reactor-http-nio-6] s.w.websocket.netty.server.ServerLogic   : Server -> sent: [1] to client id=[49d113c5]
2023-08-05T09:02:01.060+09:00  INFO 14010 --- [reactor-http-nio-3] s.w.websocket.netty.client.ClientLogic   : Client id=[cd72c58] -> received: [1]
2023-08-05T09:02:01.060+09:00  INFO 14010 --- [reactor-http-nio-4] s.w.websocket.netty.client.ClientLogic   : Client id=[3fc8b489] -> received: [1]
2023-08-05T09:02:01.555+09:00  INFO 14010 --- [reactor-http-nio-6] s.w.websocket.netty.server.ServerLogic   : Server -> sent: [2] to client id=[49d113c5]
2023-08-05T09:02:01.555+09:00  INFO 14010 --- [reactor-http-nio-3] s.w.websocket.netty.client.ClientLogic   : Client id=[cd72c58] -> received: [2]
2023-08-05T09:02:01.555+09:00  INFO 14010 --- [reactor-http-nio-4] s.w.websocket.netty.client.ClientLogic   : Client id=[3fc8b489] -> received: [2]
2023-08-05T09:02:01.555+09:00  INFO 14010 --- [reactor-http-nio-5] s.w.websocket.netty.server.ServerLogic   : Server -> sent: [2] to client id=[4fc6d965]
2023-08-05T09:02:02.057+09:00  INFO 14010 --- [reactor-http-nio-5] s.w.websocket.netty.server.ServerLogic   : Server -> sent: [3] to client id=[4fc6d965]
2023-08-05T09:02:02.057+09:00  INFO 14010 --- [reactor-http-nio-6] s.w.websocket.netty.server.ServerLogic   : Server -> sent: [3] to client id=[49d113c5]
2023-08-05T09:02:02.057+09:00  INFO 14010 --- [reactor-http-nio-4] s.w.websocket.netty.client.ClientLogic   : Client id=[3fc8b489] -> received: [3]
2023-08-05T09:02:02.057+09:00  INFO 14010 --- [reactor-http-nio-3] s.w.websocket.netty.client.ClientLogic   : Client id=[cd72c58] -> received: [3]
2023-08-05T09:02:02.554+09:00  INFO 14010 --- [reactor-http-nio-6] s.w.websocket.netty.server.ServerLogic   : Server -> sent: [4] to client id=[49d113c5]
2023-08-05T09:02:02.554+09:00  INFO 14010 --- [reactor-http-nio-5] s.w.websocket.netty.server.ServerLogic   : Server -> sent: [4] to client id=[4fc6d965]
2023-08-05T09:02:02.555+09:00  INFO 14010 --- [reactor-http-nio-3] s.w.websocket.netty.client.ClientLogic   : Client id=[cd72c58] -> received: [4]
2023-08-05T09:02:02.555+09:00  INFO 14010 --- [reactor-http-nio-4] s.w.websocket.netty.client.ClientLogic   : Client id=[3fc8b489] -> received: [4]
2023-08-05T09:02:03.056+09:00  INFO 14010 --- [reactor-http-nio-6] s.w.websocket.netty.server.ServerLogic   : Server -> sent: [5] to client id=[49d113c5]
2023-08-05T09:02:03.056+09:00  INFO 14010 --- [reactor-http-nio-5] s.w.websocket.netty.server.ServerLogic   : Server -> sent: [5] to client id=[4fc6d965]
2023-08-05T09:02:03.057+09:00  INFO 14010 --- [reactor-http-nio-4] s.w.websocket.netty.client.ClientLogic   : Client id=[3fc8b489] -> received: [5]
2023-08-05T09:02:03.057+09:00  INFO 14010 --- [reactor-http-nio-3] s.w.websocket.netty.client.ClientLogic   : Client id=[cd72c58] -> received: [5]
2023-08-05T09:02:03.554+09:00  INFO 14010 --- [reactor-http-nio-6] s.w.websocket.netty.server.ServerLogic   : Server -> sent: [6] to client id=[49d113c5]
2023-08-05T09:02:03.554+09:00  INFO 14010 --- [reactor-http-nio-5] s.w.websocket.netty.server.ServerLogic   : Server -> sent: [6] to client id=[4fc6d965]
2023-08-05T09:02:03.554+09:00  INFO 14010 --- [reactor-http-nio-3] s.w.websocket.netty.client.ClientLogic   : Client id=[cd72c58] -> received: [6]
2023-08-05T09:02:03.554+09:00  INFO 14010 --- [reactor-http-nio-4] s.w.websocket.netty.client.ClientLogic   : Client id=[3fc8b489] -> received: [6]
2023-08-05T09:02:04.055+09:00  INFO 14010 --- [reactor-http-nio-5] s.w.websocket.netty.server.ServerLogic   : Server -> sent: [7] to client id=[4fc6d965]
2023-08-05T09:02:04.055+09:00  INFO 14010 --- [reactor-http-nio-3] s.w.websocket.netty.client.ClientLogic   : Client id=[cd72c58] -> received: [7]
2023-08-05T09:02:04.056+09:00  INFO 14010 --- [reactor-http-nio-6] s.w.websocket.netty.server.ServerLogic   : Server -> sent: [7] to client id=[49d113c5]
2023-08-05T09:02:04.056+09:00  INFO 14010 --- [reactor-http-nio-4] s.w.websocket.netty.client.ClientLogic   : Client id=[3fc8b489] -> received: [7]
2023-08-05T09:02:04.558+09:00  INFO 14010 --- [reactor-http-nio-6] s.w.websocket.netty.server.ServerLogic   : Server -> sent: [8] to client id=[49d113c5]
2023-08-05T09:02:04.558+09:00  INFO 14010 --- [reactor-http-nio-5] s.w.websocket.netty.server.ServerLogic   : Server -> sent: [8] to client id=[4fc6d965]
2023-08-05T09:02:04.558+09:00  INFO 14010 --- [reactor-http-nio-4] s.w.websocket.netty.client.ClientLogic   : Client id=[3fc8b489] -> received: [8]
2023-08-05T09:02:04.558+09:00  INFO 14010 --- [reactor-http-nio-3] s.w.websocket.netty.client.ClientLogic   : Client id=[cd72c58] -> received: [8]
2023-08-05T09:02:05.054+09:00  INFO 14010 --- [reactor-http-nio-5] s.w.websocket.netty.server.ServerLogic   : Server -> sent: [9] to client id=[4fc6d965]
2023-08-05T09:02:05.054+09:00  INFO 14010 --- [reactor-http-nio-3] s.w.websocket.netty.client.ClientLogic   : Client id=[cd72c58] -> received: [9]
2023-08-05T09:02:05.054+09:00  INFO 14010 --- [reactor-http-nio-4] s.w.websocket.netty.client.ClientLogic   : Client id=[3fc8b489] -> received: [9]
2023-08-05T09:02:05.054+09:00  INFO 14010 --- [reactor-http-nio-6] s.w.websocket.netty.server.ServerLogic   : Server -> sent: [9] to client id=[49d113c5]
2023-08-05T09:02:05.554+09:00  INFO 14010 --- [reactor-http-nio-6] s.w.websocket.netty.server.ServerLogic   : Server -> sent: [10] to client id=[49d113c5]
2023-08-05T09:02:05.554+09:00  INFO 14010 --- [reactor-http-nio-5] s.w.websocket.netty.server.ServerLogic   : Server -> sent: [10] to client id=[4fc6d965]
2023-08-05T09:02:05.555+09:00  INFO 14010 --- [reactor-http-nio-4] s.w.websocket.netty.client.ClientLogic   : Client id=[3fc8b489] -> received: [10]
2023-08-05T09:02:05.555+09:00  INFO 14010 --- [reactor-http-nio-3] s.w.websocket.netty.client.ClientLogic   : Client id=[cd72c58] -> received: [10]
2023-08-05T09:02:06.054+09:00  INFO 14010 --- [reactor-http-nio-6] s.w.websocket.netty.server.ServerLogic   : Server -> sent: [11] to client id=[49d113c5]
2023-08-05T09:02:06.054+09:00  INFO 14010 --- [reactor-http-nio-3] s.w.websocket.netty.client.ClientLogic   : Client id=[cd72c58] -> received: [11]
2023-08-05T09:02:06.054+09:00  INFO 14010 --- [reactor-http-nio-4] s.w.websocket.netty.client.ClientLogic   : Client id=[3fc8b489] -> received: [11]
2023-08-05T09:02:06.054+09:00  INFO 14010 --- [reactor-http-nio-5] s.w.websocket.netty.server.ServerLogic   : Server -> sent: [11] to client id=[4fc6d965]
2023-08-05T09:02:06.555+09:00  INFO 14010 --- [reactor-http-nio-5] s.w.websocket.netty.server.ServerLogic   : Server -> sent: [12] to client id=[4fc6d965]
2023-08-05T09:02:06.555+09:00  INFO 14010 --- [reactor-http-nio-3] s.w.websocket.netty.client.ClientLogic   : Client id=[cd72c58] -> received: [12]
2023-08-05T09:02:06.555+09:00  INFO 14010 --- [reactor-http-nio-6] s.w.websocket.netty.server.ServerLogic   : Server -> sent: [12] to client id=[49d113c5]
2023-08-05T09:02:06.555+09:00  INFO 14010 --- [reactor-http-nio-4] s.w.websocket.netty.client.ClientLogic   : Client id=[3fc8b489] -> received: [12]
2023-08-05T09:02:07.057+09:00  INFO 14010 --- [reactor-http-nio-5] s.w.websocket.netty.server.ServerLogic   : Server -> sent: [13] to client id=[4fc6d965]
2023-08-05T09:02:07.057+09:00  INFO 14010 --- [reactor-http-nio-6] s.w.websocket.netty.server.ServerLogic   : Server -> sent: [13] to client id=[49d113c5]
2023-08-05T09:02:07.058+09:00  INFO 14010 --- [reactor-http-nio-4] s.w.websocket.netty.client.ClientLogic   : Client id=[3fc8b489] -> received: [13]
2023-08-05T09:02:07.058+09:00  INFO 14010 --- [reactor-http-nio-3] s.w.websocket.netty.client.ClientLogic   : Client id=[cd72c58] -> received: [13]
2023-08-05T09:02:07.557+09:00  INFO 14010 --- [reactor-http-nio-6] s.w.websocket.netty.server.ServerLogic   : Server -> sent: [14] to client id=[49d113c5]
2023-08-05T09:02:07.557+09:00  INFO 14010 --- [reactor-http-nio-5] s.w.websocket.netty.server.ServerLogic   : Server -> sent: [14] to client id=[4fc6d965]
2023-08-05T09:02:07.558+09:00  INFO 14010 --- [reactor-http-nio-4] s.w.websocket.netty.client.ClientLogic   : Client id=[3fc8b489] -> received: [14]
2023-08-05T09:02:07.558+09:00  INFO 14010 --- [reactor-http-nio-3] s.w.websocket.netty.client.ClientLogic   : Client id=[cd72c58] -> received: [14]
2023-08-05T09:02:08.058+09:00  INFO 14010 --- [reactor-http-nio-5] s.w.websocket.netty.server.ServerLogic   : Server -> sent: [15] to client id=[4fc6d965]
2023-08-05T09:02:08.058+09:00  INFO 14010 --- [reactor-http-nio-6] s.w.websocket.netty.server.ServerLogic   : Server -> sent: [15] to client id=[49d113c5]
2023-08-05T09:02:08.058+09:00  INFO 14010 --- [reactor-http-nio-4] s.w.websocket.netty.client.ClientLogic   : Client id=[3fc8b489] -> received: [15]
2023-08-05T09:02:08.058+09:00  INFO 14010 --- [reactor-http-nio-3] s.w.websocket.netty.client.ClientLogic   : Client id=[cd72c58] -> received: [15]
2023-08-05T09:02:08.557+09:00  INFO 14010 --- [reactor-http-nio-4] s.w.websocket.netty.client.ClientLogic   : Client id=[3fc8b489] -> received: [16]
2023-08-05T09:02:08.557+09:00  INFO 14010 --- [reactor-http-nio-5] s.w.websocket.netty.server.ServerLogic   : Server -> sent: [16] to client id=[4fc6d965]
2023-08-05T09:02:08.557+09:00  INFO 14010 --- [reactor-http-nio-6] s.w.websocket.netty.server.ServerLogic   : Server -> sent: [16] to client id=[49d113c5]
2023-08-05T09:02:08.557+09:00  INFO 14010 --- [reactor-http-nio-3] s.w.websocket.netty.client.ClientLogic   : Client id=[cd72c58] -> received: [16]
2023-08-05T09:02:09.058+09:00  INFO 14010 --- [reactor-http-nio-5] s.w.websocket.netty.server.ServerLogic   : Server -> sent: [17] to client id=[4fc6d965]
2023-08-05T09:02:09.058+09:00  INFO 14010 --- [reactor-http-nio-6] s.w.websocket.netty.server.ServerLogic   : Server -> sent: [17] to client id=[49d113c5]
2023-08-05T09:02:09.059+09:00  INFO 14010 --- [reactor-http-nio-3] s.w.websocket.netty.client.ClientLogic   : Client id=[cd72c58] -> received: [17]
2023-08-05T09:02:09.059+09:00  INFO 14010 --- [reactor-http-nio-4] s.w.websocket.netty.client.ClientLogic   : Client id=[3fc8b489] -> received: [17]
2023-08-05T09:02:09.555+09:00  INFO 14010 --- [reactor-http-nio-6] s.w.websocket.netty.server.ServerLogic   : Server -> sent: [18] to client id=[49d113c5]
2023-08-05T09:02:09.555+09:00  INFO 14010 --- [reactor-http-nio-4] s.w.websocket.netty.client.ClientLogic   : Client id=[3fc8b489] -> received: [18]
2023-08-05T09:02:09.555+09:00  INFO 14010 --- [reactor-http-nio-5] s.w.websocket.netty.server.ServerLogic   : Server -> sent: [18] to client id=[4fc6d965]
2023-08-05T09:02:09.555+09:00  INFO 14010 --- [reactor-http-nio-3] s.w.websocket.netty.client.ClientLogic   : Client id=[cd72c58] -> received: [18]
2023-08-05T09:02:09.910+09:00  INFO 14010 --- [boundedElastic-1] s.webflux.websocket.netty.client.Client  : Session closed
2023-08-05T09:02:09.910+09:00  INFO 14010 --- [boundedElastic-1] s.webflux.websocket.netty.client.Client  : Client disconnected.
2023-08-05T09:02:09.911+09:00  INFO 14010 --- [boundedElastic-1] s.webflux.websocket.netty.client.Client  : Session closed
2023-08-05T09:02:09.911+09:00  INFO 14010 --- [boundedElastic-1] s.webflux.websocket.netty.client.Client  : Client disconnected.
2023-08-05T09:03:35.031+09:00  INFO 14086 --- [main] s.w.websocket.netty.NettyApplication     : Starting NettyApplication using Java 17.0.7 with PID 14086 (/Users/lostist/workspace/netty/out/production/classes started by lostist in /Users/lostist/workspace/netty)
2023-08-05T09:03:35.035+09:00  INFO 14086 --- [main] s.w.websocket.netty.NettyApplication     : No active profile set, falling back to 1 default profile: "default"
2023-08-05T09:03:36.444+09:00  INFO 14086 --- [main] o.s.b.web.embedded.netty.NettyWebServer  : Netty started on port 8001
2023-08-05T09:03:36.456+09:00  INFO 14086 --- [main] s.w.websocket.netty.NettyApplication     : Started NettyApplication in 2.047 seconds (process running for 2.544)
2023-08-05T09:03:36.766+09:00  INFO 14086 --- [main] s.webflux.websocket.netty.client.Client  : Client connected.
2023-08-05T09:03:36.767+09:00  INFO 14086 --- [main] s.webflux.websocket.netty.client.Client  : Client connected.
2023-08-05T09:03:36.934+09:00  INFO 14086 --- [reactor-http-nio-4] s.webflux.websocket.netty.client.Client  : Session opened
2023-08-05T09:03:36.934+09:00  INFO 14086 --- [reactor-http-nio-3] s.webflux.websocket.netty.client.Client  : Session opened
2023-08-05T09:03:36.952+09:00  INFO 14086 --- [reactor-http-nio-6] s.w.websocket.netty.server.ServerLogic   : Server -> client connected id[1ca63789]
2023-08-05T09:03:36.952+09:00  INFO 14086 --- [reactor-http-nio-5] s.w.websocket.netty.server.ServerLogic   : Server -> client connected id[31b93be2]
2023-08-05T09:03:36.954+09:00  INFO 14086 --- [reactor-http-nio-5] s.w.websocket.netty.server.ServerLogic   : Server -> received from client id=[31b93be2]: [Test message 1]
2023-08-05T09:03:36.954+09:00  INFO 14086 --- [reactor-http-nio-6] s.w.websocket.netty.server.ServerLogic   : Server -> received from client id=[1ca63789]: [Test message 0]
2023-08-05T09:03:37.463+09:00  INFO 14086 --- [reactor-http-nio-6] s.w.websocket.netty.server.ServerLogic   : Server -> sent: [0] to client id=[1ca63789]
2023-08-05T09:03:37.464+09:00  INFO 14086 --- [reactor-http-nio-3] s.w.websocket.netty.client.ClientLogic   : Client id=[5ec3d6c7] -> received: [0]
2023-08-05T09:03:37.468+09:00  INFO 14086 --- [reactor-http-nio-5] s.w.websocket.netty.server.ServerLogic   : Server -> sent: [0] to client id=[31b93be2]
2023-08-05T09:03:37.469+09:00  INFO 14086 --- [reactor-http-nio-4] s.w.websocket.netty.client.ClientLogic   : Client id=[72948885] -> received: [0]
2023-08-05T09:03:37.959+09:00  INFO 14086 --- [reactor-http-nio-6] s.w.websocket.netty.server.ServerLogic   : Server -> sent: [1] to client id=[1ca63789]
2023-08-05T09:03:37.959+09:00  INFO 14086 --- [reactor-http-nio-5] s.w.websocket.netty.server.ServerLogic   : Server -> sent: [1] to client id=[31b93be2]
2023-08-05T09:03:37.959+09:00  INFO 14086 --- [reactor-http-nio-3] s.w.websocket.netty.client.ClientLogic   : Client id=[5ec3d6c7] -> received: [1]
2023-08-05T09:03:37.959+09:00  INFO 14086 --- [reactor-http-nio-4] s.w.websocket.netty.client.ClientLogic   : Client id=[72948885] -> received: [1]
2023-08-05T09:03:38.458+09:00  INFO 14086 --- [reactor-http-nio-6] s.w.websocket.netty.server.ServerLogic   : Server -> sent: [2] to client id=[1ca63789]
2023-08-05T09:03:38.458+09:00  INFO 14086 --- [reactor-http-nio-5] s.w.websocket.netty.server.ServerLogic   : Server -> sent: [2] to client id=[31b93be2]
2023-08-05T09:03:38.459+09:00  INFO 14086 --- [reactor-http-nio-3] s.w.websocket.netty.client.ClientLogic   : Client id=[5ec3d6c7] -> received: [2]
2023-08-05T09:03:38.459+09:00  INFO 14086 --- [reactor-http-nio-4] s.w.websocket.netty.client.ClientLogic   : Client id=[72948885] -> received: [2]
2023-08-05T09:03:38.957+09:00  INFO 14086 --- [reactor-http-nio-6] s.w.websocket.netty.server.ServerLogic   : Server -> sent: [3] to client id=[1ca63789]
2023-08-05T09:03:38.957+09:00  INFO 14086 --- [reactor-http-nio-5] s.w.websocket.netty.server.ServerLogic   : Server -> sent: [3] to client id=[31b93be2]
2023-08-05T09:03:38.957+09:00  INFO 14086 --- [reactor-http-nio-4] s.w.websocket.netty.client.ClientLogic   : Client id=[72948885] -> received: [3]
2023-08-05T09:03:38.957+09:00  INFO 14086 --- [reactor-http-nio-3] s.w.websocket.netty.client.ClientLogic   : Client id=[5ec3d6c7] -> received: [3]
2023-08-05T09:03:39.459+09:00  INFO 14086 --- [reactor-http-nio-5] s.w.websocket.netty.server.ServerLogic   : Server -> sent: [4] to client id=[31b93be2]
2023-08-05T09:03:39.459+09:00  INFO 14086 --- [reactor-http-nio-4] s.w.websocket.netty.client.ClientLogic   : Client id=[72948885] -> received: [4]
2023-08-05T09:03:39.459+09:00  INFO 14086 --- [reactor-http-nio-3] s.w.websocket.netty.client.ClientLogic   : Client id=[5ec3d6c7] -> received: [4]
2023-08-05T09:03:39.459+09:00  INFO 14086 --- [reactor-http-nio-6] s.w.websocket.netty.server.ServerLogic   : Server -> sent: [4] to client id=[1ca63789]
2023-08-05T09:03:39.957+09:00  INFO 14086 --- [reactor-http-nio-6] s.w.websocket.netty.server.ServerLogic   : Server -> sent: [5] to client id=[1ca63789]
2023-08-05T09:03:39.957+09:00  INFO 14086 --- [reactor-http-nio-5] s.w.websocket.netty.server.ServerLogic   : Server -> sent: [5] to client id=[31b93be2]
2023-08-05T09:03:39.958+09:00  INFO 14086 --- [reactor-http-nio-3] s.w.websocket.netty.client.ClientLogic   : Client id=[5ec3d6c7] -> received: [5]
2023-08-05T09:03:39.958+09:00  INFO 14086 --- [reactor-http-nio-4] s.w.websocket.netty.client.ClientLogic   : Client id=[72948885] -> received: [5]
2023-08-05T09:03:40.458+09:00  INFO 14086 --- [reactor-http-nio-5] s.w.websocket.netty.server.ServerLogic   : Server -> sent: [6] to client id=[31b93be2]
2023-08-05T09:03:40.458+09:00  INFO 14086 --- [reactor-http-nio-4] s.w.websocket.netty.client.ClientLogic   : Client id=[72948885] -> received: [6]
2023-08-05T09:03:40.458+09:00  INFO 14086 --- [reactor-http-nio-3] s.w.websocket.netty.client.ClientLogic   : Client id=[5ec3d6c7] -> received: [6]
2023-08-05T09:03:40.458+09:00  INFO 14086 --- [reactor-http-nio-6] s.w.websocket.netty.server.ServerLogic   : Server -> sent: [6] to client id=[1ca63789]
2023-08-05T09:03:40.961+09:00  INFO 14086 --- [reactor-http-nio-5] s.w.websocket.netty.server.ServerLogic   : Server -> sent: [7] to client id=[31b93be2]
2023-08-05T09:03:40.961+09:00  INFO 14086 --- [reactor-http-nio-3] s.w.websocket.netty.client.ClientLogic   : Client id=[5ec3d6c7] -> received: [7]
2023-08-05T09:03:40.961+09:00  INFO 14086 --- [reactor-http-nio-4] s.w.websocket.netty.client.ClientLogic   : Client id=[72948885] -> received: [7]
2023-08-05T09:03:40.961+09:00  INFO 14086 --- [reactor-http-nio-6] s.w.websocket.netty.server.ServerLogic   : Server -> sent: [7] to client id=[1ca63789]
2023-08-05T09:03:41.458+09:00  INFO 14086 --- [reactor-http-nio-5] s.w.websocket.netty.server.ServerLogic   : Server -> sent: [8] to client id=[31b93be2]
2023-08-05T09:03:41.458+09:00  INFO 14086 --- [reactor-http-nio-3] s.w.websocket.netty.client.ClientLogic   : Client id=[5ec3d6c7] -> received: [8]
2023-08-05T09:03:41.458+09:00  INFO 14086 --- [reactor-http-nio-6] s.w.websocket.netty.server.ServerLogic   : Server -> sent: [8] to client id=[1ca63789]
2023-08-05T09:03:41.458+09:00  INFO 14086 --- [reactor-http-nio-4] s.w.websocket.netty.client.ClientLogic   : Client id=[72948885] -> received: [8]
2023-08-05T09:03:41.957+09:00  INFO 14086 --- [reactor-http-nio-5] s.w.websocket.netty.server.ServerLogic   : Server -> sent: [9] to client id=[31b93be2]
2023-08-05T09:03:41.957+09:00  INFO 14086 --- [reactor-http-nio-6] s.w.websocket.netty.server.ServerLogic   : Server -> sent: [9] to client id=[1ca63789]
2023-08-05T09:03:41.957+09:00  INFO 14086 --- [reactor-http-nio-3] s.w.websocket.netty.client.ClientLogic   : Client id=[5ec3d6c7] -> received: [9]
2023-08-05T09:03:41.957+09:00  INFO 14086 --- [reactor-http-nio-4] s.w.websocket.netty.client.ClientLogic   : Client id=[72948885] -> received: [9]
2023-08-05T09:03:42.458+09:00  INFO 14086 --- [reactor-http-nio-6] s.w.websocket.netty.server.ServerLogic   : Server -> sent: [10] to client id=[1ca63789]
2023-08-05T09:03:42.458+09:00  INFO 14086 --- [reactor-http-nio-5] s.w.websocket.netty.server.ServerLogic   : Server -> sent: [10] to client id=[31b93be2]
2023-08-05T09:03:42.458+09:00  INFO 14086 --- [reactor-http-nio-3] s.w.websocket.netty.client.ClientLogic   : Client id=[5ec3d6c7] -> received: [10]
2023-08-05T09:03:42.458+09:00  INFO 14086 --- [reactor-http-nio-4] s.w.websocket.netty.client.ClientLogic   : Client id=[72948885] -> received: [10]
2023-08-05T09:03:42.957+09:00  INFO 14086 --- [reactor-http-nio-6] s.w.websocket.netty.server.ServerLogic   : Server -> sent: [11] to client id=[1ca63789]
2023-08-05T09:03:42.957+09:00  INFO 14086 --- [reactor-http-nio-5] s.w.websocket.netty.server.ServerLogic   : Server -> sent: [11] to client id=[31b93be2]
2023-08-05T09:03:42.958+09:00  INFO 14086 --- [reactor-http-nio-3] s.w.websocket.netty.client.ClientLogic   : Client id=[5ec3d6c7] -> received: [11]
2023-08-05T09:03:42.958+09:00  INFO 14086 --- [reactor-http-nio-4] s.w.websocket.netty.client.ClientLogic   : Client id=[72948885] -> received: [11]
2023-08-05T09:03:43.462+09:00  INFO 14086 --- [reactor-http-nio-6] s.w.websocket.netty.server.ServerLogic   : Server -> sent: [12] to client id=[1ca63789]
2023-08-05T09:03:43.462+09:00  INFO 14086 --- [reactor-http-nio-5] s.w.websocket.netty.server.ServerLogic   : Server -> sent: [12] to client id=[31b93be2]
2023-08-05T09:03:43.462+09:00  INFO 14086 --- [reactor-http-nio-4] s.w.websocket.netty.client.ClientLogic   : Client id=[72948885] -> received: [12]
2023-08-05T09:03:43.462+09:00  INFO 14086 --- [reactor-http-nio-3] s.w.websocket.netty.client.ClientLogic   : Client id=[5ec3d6c7] -> received: [12]
2023-08-05T09:03:43.961+09:00  INFO 14086 --- [reactor-http-nio-5] s.w.websocket.netty.server.ServerLogic   : Server -> sent: [13] to client id=[31b93be2]
2023-08-05T09:03:43.961+09:00  INFO 14086 --- [reactor-http-nio-6] s.w.websocket.netty.server.ServerLogic   : Server -> sent: [13] to client id=[1ca63789]
2023-08-05T09:03:43.962+09:00  INFO 14086 --- [reactor-http-nio-3] s.w.websocket.netty.client.ClientLogic   : Client id=[5ec3d6c7] -> received: [13]
2023-08-05T09:03:43.962+09:00  INFO 14086 --- [reactor-http-nio-4] s.w.websocket.netty.client.ClientLogic   : Client id=[72948885] -> received: [13]
2023-08-05T09:03:44.459+09:00  INFO 14086 --- [reactor-http-nio-6] s.w.websocket.netty.server.ServerLogic   : Server -> sent: [14] to client id=[1ca63789]
2023-08-05T09:03:44.459+09:00  INFO 14086 --- [reactor-http-nio-5] s.w.websocket.netty.server.ServerLogic   : Server -> sent: [14] to client id=[31b93be2]
2023-08-05T09:03:44.460+09:00  INFO 14086 --- [reactor-http-nio-3] s.w.websocket.netty.client.ClientLogic   : Client id=[5ec3d6c7] -> received: [14]
2023-08-05T09:03:44.460+09:00  INFO 14086 --- [reactor-http-nio-4] s.w.websocket.netty.client.ClientLogic   : Client id=[72948885] -> received: [14]
2023-08-05T09:03:44.961+09:00  INFO 14086 --- [reactor-http-nio-6] s.w.websocket.netty.server.ServerLogic   : Server -> sent: [15] to client id=[1ca63789]
2023-08-05T09:03:44.961+09:00  INFO 14086 --- [reactor-http-nio-5] s.w.websocket.netty.server.ServerLogic   : Server -> sent: [15] to client id=[31b93be2]
2023-08-05T09:03:44.961+09:00  INFO 14086 --- [reactor-http-nio-4] s.w.websocket.netty.client.ClientLogic   : Client id=[72948885] -> received: [15]
2023-08-05T09:03:44.961+09:00  INFO 14086 --- [reactor-http-nio-3] s.w.websocket.netty.client.ClientLogic   : Client id=[5ec3d6c7] -> received: [15]
2023-08-05T09:03:45.457+09:00  INFO 14086 --- [reactor-http-nio-6] s.w.websocket.netty.server.ServerLogic   : Server -> sent: [16] to client id=[1ca63789]
2023-08-05T09:03:45.458+09:00  INFO 14086 --- [reactor-http-nio-3] s.w.websocket.netty.client.ClientLogic   : Client id=[5ec3d6c7] -> received: [16]
2023-08-05T09:03:45.457+09:00  INFO 14086 --- [reactor-http-nio-5] s.w.websocket.netty.server.ServerLogic   : Server -> sent: [16] to client id=[31b93be2]
2023-08-05T09:03:45.458+09:00  INFO 14086 --- [reactor-http-nio-4] s.w.websocket.netty.client.ClientLogic   : Client id=[72948885] -> received: [16]
2023-08-05T09:03:45.958+09:00  INFO 14086 --- [reactor-http-nio-5] s.w.websocket.netty.server.ServerLogic   : Server -> sent: [17] to client id=[31b93be2]
2023-08-05T09:03:45.958+09:00  INFO 14086 --- [reactor-http-nio-6] s.w.websocket.netty.server.ServerLogic   : Server -> sent: [17] to client id=[1ca63789]
2023-08-05T09:03:45.958+09:00  INFO 14086 --- [reactor-http-nio-3] s.w.websocket.netty.client.ClientLogic   : Client id=[5ec3d6c7] -> received: [17]
2023-08-05T09:03:45.958+09:00  INFO 14086 --- [reactor-http-nio-4] s.w.websocket.netty.client.ClientLogic   : Client id=[72948885] -> received: [17]
2023-08-05T09:03:46.462+09:00  INFO 14086 --- [reactor-http-nio-6] s.w.websocket.netty.server.ServerLogic   : Server -> sent: [18] to client id=[1ca63789]
2023-08-05T09:03:46.462+09:00  INFO 14086 --- [reactor-http-nio-3] s.w.websocket.netty.client.ClientLogic   : Client id=[5ec3d6c7] -> received: [18]
2023-08-05T09:03:46.462+09:00  INFO 14086 --- [reactor-http-nio-5] s.w.websocket.netty.server.ServerLogic   : Server -> sent: [18] to client id=[31b93be2]
2023-08-05T09:03:46.462+09:00  INFO 14086 --- [reactor-http-nio-4] s.w.websocket.netty.client.ClientLogic   : Client id=[72948885] -> received: [18]
2023-08-05T09:03:46.780+09:00  INFO 14086 --- [boundedElastic-1] s.webflux.websocket.netty.client.Client  : Session closed
2023-08-05T09:03:46.780+09:00  INFO 14086 --- [boundedElastic-1] s.webflux.websocket.netty.client.Client  : Client disconnected.
2023-08-05T09:03:46.780+09:00  INFO 14086 --- [boundedElastic-1] s.webflux.websocket.netty.client.Client  : Session closed
2023-08-05T09:03:46.780+09:00  INFO 14086 --- [boundedElastic-1] s.webflux.websocket.netty.client.Client  : Client disconnected.
